This is pdfTeX, Version 3.14159265-2.6-1.40.20 (TeX Live 2019) (preloaded format=pdflatex 2019.5.15)  6 JUN 2023 13:13
entering extended mode
 restricted \write18 enabled.
 file:line:error style messages enabled.
 %&-line parsing enabled.
**iopart-num.tex
(./iopart-num.tex
LaTeX2e <2018-12-01>

! LaTeX Error: File `iopart.cls' not found.

Type X to quit or <RETURN> to proceed,
or enter new name. (Default extension: cls)

Enter file name: 
./iopart-num.tex:2: Emergency stop.
<read *> 
         
l.2 ^^M
       
End of file on the terminal!

 
Here is how much of TeX's memory you used:
 10 strings out of 492616
 192 string characters out of 6129481
 57137 words of memory out of 5000000
 4028 multiletter control sequences out of 15000+600000
 3640 words of font info for 14 fonts, out of 8000000 for 9000
 1141 hyphenation exceptions out of 8191
 10i,0n,8p,45b,8s stack positions out of 5000i,500n,10000p,200000b,80000s
./iopart-num.tex:2:  ==> Fatal error occurred, no output PDF file produced!
