This is pdfTeX, Version 3.141592653-2.6-1.40.26 (TeX Live 2024) (preloaded format=pdflatex 2024.3.27)  22 JAN 2025 17:53
entering extended mode
 restricted \write18 enabled.
 file:line:error style messages enabled.
 %&-line parsing enabled.
**nst_template.tex
(./nst_template.tex
LaTeX2e <2023-11-01> patch level 1
L3 programming layer <2024-02-20>
(./nst.cls
Document Class: nst 2013/09/23 v1.0 Nuclear Science and Techniques magazine cla
ss
(/usr/local/texlive/2024/texmf-dist/tex/latex/revtex4-1/revtex4-1.cls
Document Class: revtex4-1 2020/09/30 4.1s (http://publish.aps.org/revtex4/ for 
documentation)
 Copyright (c) 2009 The American Physical Society.
 mailto:revtex@aps.org
 Licensed under the LPPL:
http://www.ctan.org/tex-archive/macros/latex/base/lppl.txt
 Arthur Ogawa <arthur_ogawa at sbcglobal dot net>
 Based on work by David Carlisle <david at dcarlisle.demon.co.uk>.
ltxutil[2020/09/30 4.1s utilities package (portions licensed from W. E. Baxter 
web at superscript.com)]
LaTeX Info: Redefining \@centercr on input line 346.
Class revtex4-1 Info: Repairing hyperref-unfriendly LaTeX definition of \mpfoot
note on input line 471.
Class revtex4-1 Info: Repairing broken LateX \@sect on input line 793.
\intertabularlinepenalty=\count188
\@tbpen=\count189
\@arstrutbox@hline=\box51
Class revtex4-1 Info: Repairing broken LaTeX \@xbitor on input line 1824.
Class revtex4-1 Info: Making \typeout \long on input line 2089.
ltxfront[2020/09/30 4.1s frontmatter package (AO,DPC)]
\c@affil=\count190
\c@collab=\count191
\absbox=\box52
ltxgrid[2020/09/30 4.1s page grid package (portions licensed from W. E. Baxter 
web at superscript.com)]
\c@linecount=\count192
\output@latex=\toks17
\box@size@1=\box53
\box@size@2=\box54
\@protection@box=\box55
\@topmark@saved=\toks18
\footins@saved=\box56
\footins@recovered=\box57
\column@recovered=\box58
\pagesofar=\box59
\footsofar=\box60
\pagegrid@col=\count193
Class revtex4-1 Info: Overriding \@vspace, \@vspacer, \@no@pgbk, \@newline, and
 \\  on input line 5655.
\c@part=\count194
\c@section=\count195
\c@subsection=\count196
\c@subsubsection=\count197
\c@paragraph=\count198
\c@subparagraph=\count199
\abovecaptionskip=\skip48
\belowcaptionskip=\skip49
\c@figure=\count266
\fbox@1=\box61
\c@table=\count267
\fbox@2=\box62
\c@video=\count268
\fbox@4=\box63
\@bibdataout=\write3
\widetext@top=\box64
\widetext@bot=\box65
Class revtex4-1 Info: Selecting society aps on input line 7616.
(/usr/local/texlive/2024/texmf-dist/tex/latex/revtex4-1/aps4-1.rtx
File: aps4-1 2020/09/30 4.1s (http://publish.aps.org/revtex4/ for documentation
)
Class revtex4-1 Info: RevTeX society APS selected on input line 31.
)
Class revtex4-1 Info: Selecting journal prc on input line 7618.
Class revtex4-1 Info: APS journal PRC selected on input line 7619.

(/usr/local/texlive/2024/texmf-dist/tex/latex/revtex4-1/aps10pt4-1.rtx
File: aps10pt4-1 2020/09/30 4.1s (http://publish.aps.org/revtex4/ for documenta
tion)
Class revtex4-1 Info: RevTeX pointsize 10pt selected on input line 30.
)
(/usr/local/texlive/2024/texmf-dist/tex/latex/textcase/textcase.sty
Package: textcase 2023/07/27 v1.04 Text only upper/lower case changing (DPC)
Package textcase Info: Defining Legacy names on input line 20.
)
(/usr/local/texlive/2024/texmf-dist/tex/latex/amsfonts/amsfonts.sty
Package: amsfonts 2013/01/14 v3.01 Basic AMSFonts support
\@emptytoks=\toks19
\symAMSa=\mathgroup4
\symAMSb=\mathgroup5
LaTeX Font Info:    Redeclaring math symbol \hbar on input line 98.
LaTeX Font Info:    Overwriting math alphabet `\mathfrak' in version `bold'
(Font)                  U/euf/m/n --> U/euf/b/n on input line 106.
)
(/usr/local/texlive/2024/texmf-dist/tex/latex/amsfonts/amssymb.sty
Package: amssymb 2013/01/14 v3.01 AMS font symbols
)
(/usr/local/texlive/2024/texmf-dist/tex/latex/amsmath/amsmath.sty
Package: amsmath 2023/05/13 v2.17o AMS math features
\@mathmargin=\skip50

For additional information on amsmath, use the `?' option.
(/usr/local/texlive/2024/texmf-dist/tex/latex/amsmath/amstext.sty
Package: amstext 2021/08/26 v2.01 AMS text

(/usr/local/texlive/2024/texmf-dist/tex/latex/amsmath/amsgen.sty
File: amsgen.sty 1999/11/30 v2.0 generic functions
\@emptytoks=\toks20
\ex@=\dimen140
)
LaTeX Info: Redefining \text on input line 28.
)
(/usr/local/texlive/2024/texmf-dist/tex/latex/amsmath/amsbsy.sty
Package: amsbsy 1999/11/29 v1.2d Bold Symbols
\pmbraise@=\dimen141
)
(/usr/local/texlive/2024/texmf-dist/tex/latex/amsmath/amsopn.sty
Package: amsopn 2022/04/08 v2.04 operator names
)
\inf@bad=\count269
LaTeX Info: Redefining \frac on input line 234.
\uproot@=\count270
\leftroot@=\count271
LaTeX Info: Redefining \overline on input line 399.
LaTeX Info: Redefining \colon on input line 410.
\classnum@=\count272
\DOTSCASE@=\count273
LaTeX Info: Redefining \ldots on input line 496.
LaTeX Info: Redefining \dots on input line 499.
LaTeX Info: Redefining \cdots on input line 620.
\Mathstrutbox@=\box66
\strutbox@=\box67
LaTeX Info: Redefining \big on input line 722.
LaTeX Info: Redefining \Big on input line 723.
LaTeX Info: Redefining \bigg on input line 724.
LaTeX Info: Redefining \Bigg on input line 725.
\big@size=\dimen142
LaTeX Font Info:    Redeclaring font encoding OML on input line 743.
LaTeX Font Info:    Redeclaring font encoding OMS on input line 744.
\macc@depth=\count274
LaTeX Info: Redefining \bmod on input line 905.
LaTeX Info: Redefining \pmod on input line 910.
LaTeX Info: Redefining \smash on input line 940.
LaTeX Info: Redefining \relbar on input line 970.
LaTeX Info: Redefining \Relbar on input line 971.
\c@MaxMatrixCols=\count275
\dotsspace@=\muskip16
\c@parentequation=\count276
\dspbrk@lvl=\count277
\tag@help=\toks21
\row@=\count278
\column@=\count279
\maxfields@=\count280
\andhelp@=\toks22
\eqnshift@=\dimen143
\alignsep@=\dimen144
\tagshift@=\dimen145
\tagwidth@=\dimen146
\totwidth@=\dimen147
\lineht@=\dimen148
\@envbody=\toks23
\multlinegap=\skip51
\multlinetaggap=\skip52
\mathdisplay@stack=\toks24
LaTeX Info: Redefining \[ on input line 2953.
LaTeX Info: Redefining \] on input line 2954.
)
(/usr/local/texlive/2024/texmf-dist/tex/latex/url/url.sty
\Urlmuskip=\muskip17
Package: url 2013/09/16  ver 3.4  Verb mode for urls, etc.
)
(/usr/local/texlive/2024/texmf-dist/tex/latex/natbib/natbib.sty
Package: natbib 2010/09/13 8.31b (PWD, AO)
\bibhang=\skip53
\bibsep=\skip54
LaTeX Info: Redefining \cite on input line 694.
\c@NAT@ctr=\count281
)
Class revtex4-1 Info: Repairing natbib's \BibitemShut on input line 7623.

(/usr/local/texlive/2024/texmf-dist/tex/latex/revtex4-1/revsymb4-1.sty
Package: revsymb4-1 2020/09/30 4.1s (http://publish.aps.org/revtex4/ for docume
ntation)
LaTeX Info: Redefining \frak on input line 95.
LaTeX Info: Redefining \Bbb on input line 111.
LaTeX Info: Redefining \REV@mathfrak on input line 119.
))
(/usr/local/texlive/2024/texmf-dist/tex/latex/lineno/lineno.sty
Package: lineno 2023/05/20 line numbers on paragraphs v5.3

(/usr/local/texlive/2024/texmf-dist/tex/latex/etoolbox/etoolbox.sty
Package: etoolbox 2020/10/05 v2.5k e-TeX tools for LaTeX (JAW)
\etb@tempcnta=\count282
)
(/usr/local/texlive/2024/texmf-dist/tex/latex/kvoptions/kvoptions.sty
Package: kvoptions 2022-06-15 v3.15 Key value format for package options (HO)

(/usr/local/texlive/2024/texmf-dist/tex/latex/graphics/keyval.sty
Package: keyval 2022/05/29 v1.15 key=value parser (DPC)
\KV@toks@=\toks25
)
(/usr/local/texlive/2024/texmf-dist/tex/generic/ltxcmds/ltxcmds.sty
Package: ltxcmds 2023-12-04 v1.26 LaTeX kernel commands for general use (HO)
)
(/usr/local/texlive/2024/texmf-dist/tex/latex/kvsetkeys/kvsetkeys.sty
Package: kvsetkeys 2022-10-05 v1.19 Key value parser (HO)
))
\linenopenalty=\count283
\output=\toks26
\linenoprevgraf=\count284
\linenumbersep=\dimen149
\linenumberwidth=\dimen150
\c@linenumber=\count285
\c@pagewiselinenumber=\count286
\c@LN@truepage=\count287


Package lineno Warning: Option [displaymath] is obsolete.

\c@internallinenumber=\count288
\c@internallinenumbers=\count289
\quotelinenumbersep=\dimen151
\bframerule=\dimen152
\bframesep=\dimen153
\bframebox=\box68
\linenoamsmath@ams@eqpen=\count290
LaTeX Info: Redefining \\ on input line 3180.
) (/usr/local/texlive/2024/texmf-dist/tex/latex/psnfss/times.sty
Package: times 2020/03/25 PSNFSS-v9.3 (SPQR) 
)
(/usr/local/texlive/2024/texmf-dist/tex/latex/siunitx/siunitx.sty
Package: siunitx 2024-02-15 v3.3.12 A comprehensive (SI) units package
\l__siunitx_number_uncert_offset_int=\count291
\l__siunitx_number_exponent_fixed_int=\count292
\l__siunitx_number_min_decimal_int=\count293
\l__siunitx_number_min_integer_int=\count294
\l__siunitx_number_round_precision_int=\count295
\l__siunitx_number_lower_threshold_int=\count296
\l__siunitx_number_upper_threshold_int=\count297
\l__siunitx_number_group_first_int=\count298
\l__siunitx_number_group_size_int=\count299
\l__siunitx_number_group_minimum_int=\count300
\l__siunitx_angle_tmp_dim=\dimen154
\l__siunitx_angle_marker_box=\box69
\l__siunitx_angle_unit_box=\box70
\l__siunitx_compound_count_int=\count301

(/usr/local/texlive/2024/texmf-dist/tex/latex/translations/translations.sty
Package: translations 2022/02/05 v1.12 internationalization of LaTeX2e packages
 (CN)

(/usr/local/texlive/2024/texmf-dist/tex/generic/pdftexcmds/pdftexcmds.sty
Package: pdftexcmds 2020-06-27 v0.33 Utility functions of pdfTeX for LuaTeX (HO
)

(/usr/local/texlive/2024/texmf-dist/tex/generic/infwarerr/infwarerr.sty
Package: infwarerr 2019/12/03 v1.5 Providing info/warning/error messages (HO)
)
(/usr/local/texlive/2024/texmf-dist/tex/generic/iftex/iftex.sty
Package: iftex 2022/02/03 v1.0f TeX engine tests
)
Package pdftexcmds Info: \pdf@primitive is available.
Package pdftexcmds Info: \pdf@ifprimitive is available.
Package pdftexcmds Info: \pdfdraftmode found.
))
\l__siunitx_table_tmp_box=\box71
\l__siunitx_table_tmp_dim=\dimen155
\l__siunitx_table_column_width_dim=\dimen156
\l__siunitx_table_integer_box=\box72
\l__siunitx_table_decimal_box=\box73
\l__siunitx_table_uncert_box=\box74
\l__siunitx_table_before_box=\box75
\l__siunitx_table_after_box=\box76
\l__siunitx_table_before_dim=\dimen157
\l__siunitx_table_carry_dim=\dimen158
\l__siunitx_unit_tmp_int=\count302
\l__siunitx_unit_position_int=\count303
\l__siunitx_unit_total_int=\count304

(/usr/local/texlive/2024/texmf-dist/tex/latex/tools/array.sty
Package: array 2023/10/16 v2.5g Tabular extension package (FMi)
\col@sep=\dimen159
\ar@mcellbox=\box77
\extrarowheight=\dimen160
\NC@list=\toks27
\extratabsurround=\skip55
\backup@length=\skip56
\ar@cellbox=\box78
))
(/usr/local/texlive/2024/texmf-dist/tex/latex/graphics/color.sty
Package: color 2022/01/06 v1.3d Standard LaTeX Color (DPC)

(/usr/local/texlive/2024/texmf-dist/tex/latex/graphics-cfg/color.cfg
File: color.cfg 2016/01/02 v1.6 sample color configuration
)
Package color Info: Driver file: pdftex.def on input line 149.

(/usr/local/texlive/2024/texmf-dist/tex/latex/graphics-def/pdftex.def
File: pdftex.def 2022/09/22 v1.2b Graphics/color driver for pdftex
)
(/usr/local/texlive/2024/texmf-dist/tex/latex/graphics/mathcolor.ltx))
(/usr/local/texlive/2024/texmf-dist/tex/latex/booktabs/booktabs.sty
Package: booktabs 2020/01/12 v1.61803398 Publication quality tables
\heavyrulewidth=\dimen161
\lightrulewidth=\dimen162
\cmidrulewidth=\dimen163
\belowrulesep=\dimen164
\belowbottomsep=\dimen165
\aboverulesep=\dimen166
\abovetopsep=\dimen167
\cmidrulesep=\dimen168
\cmidrulekern=\dimen169
\defaultaddspace=\dimen170
\@cmidla=\count305
\@cmidlb=\count306
\@aboverulesep=\dimen171
\@belowrulesep=\dimen172
\@thisruleclass=\count307
\@lastruleclass=\count308
\@thisrulewidth=\dimen173
)
(/usr/local/texlive/2024/texmf-dist/tex/latex/graphics/graphicx.sty
Package: graphicx 2021/09/16 v1.2d Enhanced LaTeX Graphics (DPC,SPQR)

(/usr/local/texlive/2024/texmf-dist/tex/latex/graphics/graphics.sty
Package: graphics 2022/03/10 v1.4e Standard LaTeX Graphics (DPC,SPQR)

(/usr/local/texlive/2024/texmf-dist/tex/latex/graphics/trig.sty
Package: trig 2021/08/11 v1.11 sin cos tan (DPC)
)
(/usr/local/texlive/2024/texmf-dist/tex/latex/graphics-cfg/graphics.cfg
File: graphics.cfg 2016/06/04 v1.11 sample graphics configuration
)
Package graphics Info: Driver file: pdftex.def on input line 107.
)
\Gin@req@height=\dimen174
\Gin@req@width=\dimen175
)
(/usr/local/texlive/2024/texmf-dist/tex/latex/base/inputenc.sty
Package: inputenc 2021/02/14 v1.3d Input encoding file
\inpenc@prehook=\toks28
\inpenc@posthook=\toks29
)
(/usr/local/texlive/2024/texmf-dist/tex/latex/hyperref/hyperref.sty
Package: hyperref 2024-01-20 v7.01h Hypertext links for LaTeX

(/usr/local/texlive/2024/texmf-dist/tex/generic/kvdefinekeys/kvdefinekeys.sty
Package: kvdefinekeys 2019-12-19 v1.6 Define keys (HO)
)
(/usr/local/texlive/2024/texmf-dist/tex/generic/pdfescape/pdfescape.sty
Package: pdfescape 2019/12/09 v1.15 Implements pdfTeX's escape features (HO)
)
(/usr/local/texlive/2024/texmf-dist/tex/latex/hycolor/hycolor.sty
Package: hycolor 2020-01-27 v1.10 Color options for hyperref/bookmark (HO)
)
(/usr/local/texlive/2024/texmf-dist/tex/latex/auxhook/auxhook.sty
Package: auxhook 2019-12-17 v1.6 Hooks for auxiliary files (HO)
)
(/usr/local/texlive/2024/texmf-dist/tex/latex/hyperref/nameref.sty
Package: nameref 2023-11-26 v2.56 Cross-referencing by name of section

(/usr/local/texlive/2024/texmf-dist/tex/latex/refcount/refcount.sty
Package: refcount 2019/12/15 v3.6 Data extraction from label references (HO)
)
(/usr/local/texlive/2024/texmf-dist/tex/generic/gettitlestring/gettitlestring.s
ty
Package: gettitlestring 2019/12/15 v1.6 Cleanup title references (HO)
)

Package nameref Warning: The definition of \label has changed! 
(nameref)                Check your packages! 
(nameref)                Replacing it with the kernel definition on input line 
149.

\c@section@level=\count309
)
\@linkdim=\dimen176
\Hy@linkcounter=\count310
\Hy@pagecounter=\count311
 (/usr/local/texlive/2024/texmf-dist/tex/latex/hyperref/pd1enc.def
File: pd1enc.def 2024-01-20 v7.01h Hyperref: PDFDocEncoding definition (HO)
Now handling font encoding PD1 ...
... no UTF-8 mapping file for font encoding PD1
)
(/usr/local/texlive/2024/texmf-dist/tex/generic/intcalc/intcalc.sty
Package: intcalc 2019/12/15 v1.3 Expandable calculations with integers (HO)
)
\Hy@SavedSpaceFactor=\count312

(/usr/local/texlive/2024/texmf-dist/tex/latex/hyperref/puenc.def
File: puenc.def 2024-01-20 v7.01h Hyperref: PDF Unicode definition (HO)
Now handling font encoding PU ...
... no UTF-8 mapping file for font encoding PU
)
Package hyperref Info: Option `colorlinks' set `true' on input line 4062.
Package hyperref Info: Hyper figures OFF on input line 4179.
Package hyperref Info: Link nesting OFF on input line 4184.
Package hyperref Info: Hyper index ON on input line 4187.
Package hyperref Info: Plain pages OFF on input line 4194.
Package hyperref Info: Backreferencing OFF on input line 4199.
Package hyperref Info: Implicit mode ON; LaTeX internals redefined.
Package hyperref Info: Bookmarks ON on input line 4446.
LaTeX Info: Redefining \href on input line 4695.
\c@Hy@tempcnt=\count313
LaTeX Info: Redefining \url on input line 4784.
\XeTeXLinkMargin=\dimen177

(/usr/local/texlive/2024/texmf-dist/tex/generic/bitset/bitset.sty
Package: bitset 2019/12/09 v1.3 Handle bit-vector datatype (HO)

(/usr/local/texlive/2024/texmf-dist/tex/generic/bigintcalc/bigintcalc.sty
Package: bigintcalc 2019/12/15 v1.5 Expandable calculations on big integers (HO
)
))
\Fld@menulength=\count314
\Field@Width=\dimen178
\Fld@charsize=\dimen179
Package hyperref Info: Hyper figures OFF on input line 6063.
Package hyperref Info: Link nesting OFF on input line 6068.
Package hyperref Info: Hyper index ON on input line 6071.
Package hyperref Info: backreferencing OFF on input line 6078.
Package hyperref Info: Link coloring ON on input line 6081.
Package hyperref Info: Link coloring with OCG OFF on input line 6088.
Package hyperref Info: PDF/A mode OFF on input line 6093.

(/usr/local/texlive/2024/texmf-dist/tex/latex/base/atbegshi-ltx.sty
Package: atbegshi-ltx 2021/01/10 v1.0c Emulation of the original atbegshi
package with kernel methods
)
\Hy@abspage=\count315
\c@Item=\count316
\c@Hfootnote=\count317
)
Package hyperref Info: Driver (autodetected): hpdftex.

(/usr/local/texlive/2024/texmf-dist/tex/latex/hyperref/hpdftex.def
File: hpdftex.def 2024-01-20 v7.01h Hyperref driver for pdfTeX

(/usr/local/texlive/2024/texmf-dist/tex/latex/base/atveryend-ltx.sty
Package: atveryend-ltx 2020/08/19 v1.0a Emulation of the original atveryend pac
kage
with kernel methods
)
\Fld@listcount=\count318
\c@bookmark@seq@number=\count319

(/usr/local/texlive/2024/texmf-dist/tex/latex/rerunfilecheck/rerunfilecheck.sty
Package: rerunfilecheck 2022-07-10 v1.10 Rerun checks for auxiliary files (HO)

(/usr/local/texlive/2024/texmf-dist/tex/generic/uniquecounter/uniquecounter.sty
Package: uniquecounter 2019/12/15 v1.4 Provide unlimited unique counter (HO)
)
Package uniquecounter Info: New unique counter `rerunfilecheck' on input line 2
85.
)
\Hy@SectionHShift=\skip57
) (/usr/local/texlive/2024/texmf-dist/tex/latex/cjk/texinput/CJKutf8.sty
Package: CJKutf8 2021/10/16 4.8.5

(/usr/local/texlive/2024/texmf-dist/tex/generic/iftex/ifpdf.sty
Package: ifpdf 2019/10/25 v3.4 ifpdf legacy package. Use iftex instead.
)
(/usr/local/texlive/2024/texmf-dist/tex/latex/cjk/texinput/CJK.sty
Package: CJK 2021/10/16 4.8.5

(/usr/local/texlive/2024/texmf-dist/tex/latex/cjk/texinput/mule/MULEenc.sty
Package: MULEenc 2021/10/16 4.8.5
)
(/usr/local/texlive/2024/texmf-dist/tex/latex/cjk/texinput/CJK.enc
File: CJK.enc 2021/10/16 4.8.5
Now handling font encoding C00 ...
... no UTF-8 mapping file for font encoding C00
Now handling font encoding C05 ...
... no UTF-8 mapping file for font encoding C05
Now handling font encoding C09 ...
... no UTF-8 mapping file for font encoding C09
Now handling font encoding C10 ...
... no UTF-8 mapping file for font encoding C10
Now handling font encoding C20 ...
... no UTF-8 mapping file for font encoding C20
Now handling font encoding C19 ...
... no UTF-8 mapping file for font encoding C19
Now handling font encoding C40 ...
... no UTF-8 mapping file for font encoding C40
Now handling font encoding C42 ...
... no UTF-8 mapping file for font encoding C42
Now handling font encoding C43 ...
... no UTF-8 mapping file for font encoding C43
Now handling font encoding C50 ...
... no UTF-8 mapping file for font encoding C50
Now handling font encoding C52 ...
... no UTF-8 mapping file for font encoding C52
Now handling font encoding C49 ...
... no UTF-8 mapping file for font encoding C49
Now handling font encoding C60 ...
... no UTF-8 mapping file for font encoding C60
Now handling font encoding C61 ...
... no UTF-8 mapping file for font encoding C61
Now handling font encoding C63 ...
... no UTF-8 mapping file for font encoding C63
Now handling font encoding C64 ...
... no UTF-8 mapping file for font encoding C64
Now handling font encoding C65 ...
... no UTF-8 mapping file for font encoding C65
Now handling font encoding C70 ...
... no UTF-8 mapping file for font encoding C70
Now handling font encoding C31 ...
... no UTF-8 mapping file for font encoding C31
Now handling font encoding C32 ...
... no UTF-8 mapping file for font encoding C32
Now handling font encoding C33 ...
... no UTF-8 mapping file for font encoding C33
Now handling font encoding C34 ...
... no UTF-8 mapping file for font encoding C34
Now handling font encoding C35 ...
... no UTF-8 mapping file for font encoding C35
Now handling font encoding C36 ...
... no UTF-8 mapping file for font encoding C36
Now handling font encoding C37 ...
... no UTF-8 mapping file for font encoding C37
Now handling font encoding C80 ...
... no UTF-8 mapping file for font encoding C80
Now handling font encoding C81 ...
... no UTF-8 mapping file for font encoding C81
Now handling font encoding C01 ...
... no UTF-8 mapping file for font encoding C01
Now handling font encoding C11 ...
... no UTF-8 mapping file for font encoding C11
Now handling font encoding C21 ...
... no UTF-8 mapping file for font encoding C21
Now handling font encoding C41 ...
... no UTF-8 mapping file for font encoding C41
Now handling font encoding C62 ...
... no UTF-8 mapping file for font encoding C62
)
\CJK@indent=\box79
)
(/usr/local/texlive/2024/texmf-dist/tex/latex/base/fontenc.sty
Package: fontenc 2021/04/29 v2.0v Standard LaTeX package
LaTeX Font Info:    Trying to load font information for OT1+ptm on input line 1
12.

(/usr/local/texlive/2024/texmf-dist/tex/latex/psnfss/ot1ptm.fd
File: ot1ptm.fd 2001/06/04 font definitions for OT1/ptm.
)))
(/usr/local/texlive/2024/texmf-dist/tex/latex/geometry/geometry.sty
Package: geometry 2020/01/02 v5.9 Page Geometry

(/usr/local/texlive/2024/texmf-dist/tex/generic/iftex/ifvtex.sty
Package: ifvtex 2019/10/25 v1.7 ifvtex legacy package. Use iftex instead.
)
\Gm@cnth=\count320
\Gm@cntv=\count321
\c@Gm@tempcnt=\count322
\Gm@bindingoffset=\dimen180
\Gm@wd@mp=\dimen181
\Gm@odd@mp=\dimen182
\Gm@even@mp=\dimen183
\Gm@layoutwidth=\dimen184
\Gm@layoutheight=\dimen185
\Gm@layouthoffset=\dimen186
\Gm@layoutvoffset=\dimen187
\Gm@dimlist=\toks30
)
\authors@nums=\count323
\title@box=\box80
\title@line=\box81
\linebox=\box82
\snapbox=\box83

(/usr/local/texlive/2024/texmf-dist/tex/latex/fancyhdr/fancyhdr.sty
Package: fancyhdr 2022/11/09 v4.1 Extensive control of page headers and footers

\f@nch@headwidth=\skip58
\f@nch@O@elh=\skip59
\f@nch@O@erh=\skip60
\f@nch@O@olh=\skip61
\f@nch@O@orh=\skip62
\f@nch@O@elf=\skip63
\f@nch@O@erf=\skip64
\f@nch@O@olf=\skip65
\f@nch@O@orf=\skip66
))
(/usr/local/texlive/2024/texmf-dist/tex/latex/subfigure/subfigure.sty
Package: subfigure 2002/03/15 v2.1.5 subfigure package
\subfigtopskip=\skip67
\subfigcapskip=\skip68
\subfigcaptopadj=\dimen188
\subfigbottomskip=\skip69
\subfigcapmargin=\dimen189
\subfiglabelskip=\skip70
\c@subfigure=\count324
\c@lofdepth=\count325
\c@subtable=\count326
\c@lotdepth=\count327

****************************************
* Local config file subfigure.cfg used *
****************************************
(/usr/local/texlive/2024/texmf-dist/tex/latex/subfigure/subfigure.cfg)
\subfig@top=\skip71
\subfig@bottom=\skip72
)
(/usr/local/texlive/2024/texmf-dist/tex/latex/tools/dcolumn.sty
Package: dcolumn 2023/07/08 v1.06 decimal alignment package (DPC)
)
(/usr/local/texlive/2024/texmf-dist/tex/latex/base/fontenc.sty
Package: fontenc 2021/04/29 v2.0v Standard LaTeX package

(/usr/local/texlive/2024/texmf-dist/tex/latex/cyrillic/t2aenc.def
File: t2aenc.def 2022/06/11 v1.0j Cyrillic encoding definition file
Now handling font encoding T2A ...
... processing UTF-8 mapping file for font encoding T2A

(/usr/local/texlive/2024/texmf-dist/tex/latex/base/t2aenc.dfu
File: t2aenc.dfu 2022/06/07 v1.3c UTF-8 support
   defining Unicode char U+00A4 (decimal 164)
   defining Unicode char U+00A7 (decimal 167)
   defining Unicode char U+00AB (decimal 171)
   defining Unicode char U+00BB (decimal 187)
   defining Unicode char U+0131 (decimal 305)
   defining Unicode char U+0237 (decimal 567)
   defining Unicode char U+0400 (decimal 1024)
   defining Unicode char U+0401 (decimal 1025)
   defining Unicode char U+0402 (decimal 1026)
   defining Unicode char U+0403 (decimal 1027)
   defining Unicode char U+0404 (decimal 1028)
   defining Unicode char U+0405 (decimal 1029)
   defining Unicode char U+0406 (decimal 1030)
   defining Unicode char U+0407 (decimal 1031)
   defining Unicode char U+0408 (decimal 1032)
   defining Unicode char U+0409 (decimal 1033)
   defining Unicode char U+040A (decimal 1034)
   defining Unicode char U+040B (decimal 1035)
   defining Unicode char U+040C (decimal 1036)
   defining Unicode char U+040D (decimal 1037)
   defining Unicode char U+040E (decimal 1038)
   defining Unicode char U+040F (decimal 1039)
   defining Unicode char U+0410 (decimal 1040)
   defining Unicode char U+0411 (decimal 1041)
   defining Unicode char U+0412 (decimal 1042)
   defining Unicode char U+0413 (decimal 1043)
   defining Unicode char U+0414 (decimal 1044)
   defining Unicode char U+0415 (decimal 1045)
   defining Unicode char U+0416 (decimal 1046)
   defining Unicode char U+0417 (decimal 1047)
   defining Unicode char U+0418 (decimal 1048)
   defining Unicode char U+0419 (decimal 1049)
   defining Unicode char U+041A (decimal 1050)
   defining Unicode char U+041B (decimal 1051)
   defining Unicode char U+041C (decimal 1052)
   defining Unicode char U+041D (decimal 1053)
   defining Unicode char U+041E (decimal 1054)
   defining Unicode char U+041F (decimal 1055)
   defining Unicode char U+0420 (decimal 1056)
   defining Unicode char U+0421 (decimal 1057)
   defining Unicode char U+0422 (decimal 1058)
   defining Unicode char U+0423 (decimal 1059)
   defining Unicode char U+0424 (decimal 1060)
   defining Unicode char U+0425 (decimal 1061)
   defining Unicode char U+0426 (decimal 1062)
   defining Unicode char U+0427 (decimal 1063)
   defining Unicode char U+0428 (decimal 1064)
   defining Unicode char U+0429 (decimal 1065)
   defining Unicode char U+042A (decimal 1066)
   defining Unicode char U+042B (decimal 1067)
   defining Unicode char U+042C (decimal 1068)
   defining Unicode char U+042D (decimal 1069)
   defining Unicode char U+042E (decimal 1070)
   defining Unicode char U+042F (decimal 1071)
   defining Unicode char U+0430 (decimal 1072)
   defining Unicode char U+0431 (decimal 1073)
   defining Unicode char U+0432 (decimal 1074)
   defining Unicode char U+0433 (decimal 1075)
   defining Unicode char U+0434 (decimal 1076)
   defining Unicode char U+0435 (decimal 1077)
   defining Unicode char U+0436 (decimal 1078)
   defining Unicode char U+0437 (decimal 1079)
   defining Unicode char U+0438 (decimal 1080)
   defining Unicode char U+0439 (decimal 1081)
   defining Unicode char U+043A (decimal 1082)
   defining Unicode char U+043B (decimal 1083)
   defining Unicode char U+043C (decimal 1084)
   defining Unicode char U+043D (decimal 1085)
   defining Unicode char U+043E (decimal 1086)
   defining Unicode char U+043F (decimal 1087)
   defining Unicode char U+0440 (decimal 1088)
   defining Unicode char U+0441 (decimal 1089)
   defining Unicode char U+0442 (decimal 1090)
   defining Unicode char U+0443 (decimal 1091)
   defining Unicode char U+0444 (decimal 1092)
   defining Unicode char U+0445 (decimal 1093)
   defining Unicode char U+0446 (decimal 1094)
   defining Unicode char U+0447 (decimal 1095)
   defining Unicode char U+0448 (decimal 1096)
   defining Unicode char U+0449 (decimal 1097)
   defining Unicode char U+044A (decimal 1098)
   defining Unicode char U+044B (decimal 1099)
   defining Unicode char U+044C (decimal 1100)
   defining Unicode char U+044D (decimal 1101)
   defining Unicode char U+044E (decimal 1102)
   defining Unicode char U+044F (decimal 1103)
   defining Unicode char U+0450 (decimal 1104)
   defining Unicode char U+0451 (decimal 1105)
   defining Unicode char U+0452 (decimal 1106)
   defining Unicode char U+0453 (decimal 1107)
   defining Unicode char U+0454 (decimal 1108)
   defining Unicode char U+0455 (decimal 1109)
   defining Unicode char U+0456 (decimal 1110)
   defining Unicode char U+0457 (decimal 1111)
   defining Unicode char U+0458 (decimal 1112)
   defining Unicode char U+0459 (decimal 1113)
   defining Unicode char U+045A (decimal 1114)
   defining Unicode char U+045B (decimal 1115)
   defining Unicode char U+045C (decimal 1116)
   defining Unicode char U+045D (decimal 1117)
   defining Unicode char U+045E (decimal 1118)
   defining Unicode char U+045F (decimal 1119)
   defining Unicode char U+0490 (decimal 1168)
   defining Unicode char U+0491 (decimal 1169)
   defining Unicode char U+0492 (decimal 1170)
   defining Unicode char U+0493 (decimal 1171)
   defining Unicode char U+0496 (decimal 1174)
   defining Unicode char U+0497 (decimal 1175)
   defining Unicode char U+0498 (decimal 1176)
   defining Unicode char U+0499 (decimal 1177)
   defining Unicode char U+049A (decimal 1178)
   defining Unicode char U+049B (decimal 1179)
   defining Unicode char U+049C (decimal 1180)
   defining Unicode char U+049D (decimal 1181)
   defining Unicode char U+04A0 (decimal 1184)
   defining Unicode char U+04A1 (decimal 1185)
   defining Unicode char U+04A2 (decimal 1186)
   defining Unicode char U+04A3 (decimal 1187)
   defining Unicode char U+04A4 (decimal 1188)
   defining Unicode char U+04A5 (decimal 1189)
   defining Unicode char U+04AA (decimal 1194)
   defining Unicode char U+04AB (decimal 1195)
   defining Unicode char U+04AE (decimal 1198)
   defining Unicode char U+04AF (decimal 1199)
   defining Unicode char U+04B0 (decimal 1200)
   defining Unicode char U+04B1 (decimal 1201)
   defining Unicode char U+04B2 (decimal 1202)
   defining Unicode char U+04B3 (decimal 1203)
   defining Unicode char U+04B6 (decimal 1206)
   defining Unicode char U+04B7 (decimal 1207)
   defining Unicode char U+04B8 (decimal 1208)
   defining Unicode char U+04B9 (decimal 1209)
   defining Unicode char U+04BA (decimal 1210)
   defining Unicode char U+04BB (decimal 1211)
   defining Unicode char U+04C0 (decimal 1216)
   defining Unicode char U+04C1 (decimal 1217)
   defining Unicode char U+04C2 (decimal 1218)
   defining Unicode char U+04D0 (decimal 1232)
   defining Unicode char U+04D1 (decimal 1233)
   defining Unicode char U+04D2 (decimal 1234)
   defining Unicode char U+04D3 (decimal 1235)
   defining Unicode char U+04D4 (decimal 1236)
   defining Unicode char U+04D5 (decimal 1237)
   defining Unicode char U+04D6 (decimal 1238)
   defining Unicode char U+04D7 (decimal 1239)
   defining Unicode char U+04D8 (decimal 1240)
   defining Unicode char U+04D9 (decimal 1241)
   defining Unicode char U+04DA (decimal 1242)
   defining Unicode char U+04DB (decimal 1243)
   defining Unicode char U+04DC (decimal 1244)
   defining Unicode char U+04DD (decimal 1245)
   defining Unicode char U+04DE (decimal 1246)
   defining Unicode char U+04DF (decimal 1247)
   defining Unicode char U+04E2 (decimal 1250)
   defining Unicode char U+04E3 (decimal 1251)
   defining Unicode char U+04E4 (decimal 1252)
   defining Unicode char U+04E5 (decimal 1253)
   defining Unicode char U+04E6 (decimal 1254)
   defining Unicode char U+04E7 (decimal 1255)
   defining Unicode char U+04E8 (decimal 1256)
   defining Unicode char U+04E9 (decimal 1257)
   defining Unicode char U+04EC (decimal 1260)
   defining Unicode char U+04ED (decimal 1261)
   defining Unicode char U+04EE (decimal 1262)
   defining Unicode char U+04EF (decimal 1263)
   defining Unicode char U+04F0 (decimal 1264)
   defining Unicode char U+04F1 (decimal 1265)
   defining Unicode char U+04F2 (decimal 1266)
   defining Unicode char U+04F3 (decimal 1267)
   defining Unicode char U+04F4 (decimal 1268)
   defining Unicode char U+04F5 (decimal 1269)
   defining Unicode char U+04F8 (decimal 1272)
   defining Unicode char U+04F9 (decimal 1273)
   defining Unicode char U+200C (decimal 8204)
   defining Unicode char U+2013 (decimal 8211)
   defining Unicode char U+2014 (decimal 8212)
   defining Unicode char U+2018 (decimal 8216)
   defining Unicode char U+2019 (decimal 8217)
   defining Unicode char U+201C (decimal 8220)
   defining Unicode char U+201D (decimal 8221)
   defining Unicode char U+201E (decimal 8222)
   defining Unicode char U+2030 (decimal 8240)
   defining Unicode char U+2031 (decimal 8241)
   defining Unicode char U+2116 (decimal 8470)
   defining Unicode char U+2329 (decimal 9001)
   defining Unicode char U+3008 (decimal 12296)
   defining Unicode char U+232A (decimal 9002)
   defining Unicode char U+3009 (decimal 12297)
   defining Unicode char U+2423 (decimal 9251)
   defining Unicode char U+27E8 (decimal 10216)
   defining Unicode char U+27E9 (decimal 10217)
   defining Unicode char U+FB00 (decimal 64256)
   defining Unicode char U+FB01 (decimal 64257)
   defining Unicode char U+FB02 (decimal 64258)
   defining Unicode char U+FB03 (decimal 64259)
   defining Unicode char U+FB04 (decimal 64260)
   defining Unicode char U+FB05 (decimal 64261)
   defining Unicode char U+FB06 (decimal 64262)
))
LaTeX Font Info:    Trying to load font information for T1+ptm on input line 11
2.

(/usr/local/texlive/2024/texmf-dist/tex/latex/psnfss/t1ptm.fd
File: t1ptm.fd 2001/06/04 font definitions for T1/ptm.
))
(/usr/local/texlive/2024/texmf-dist/tex/generic/babel/babel.sty
Package: babel 2024/02/07 v24.2 The Babel package
\babel@savecnt=\count328
\U@D=\dimen190
\l@unhyphenated=\language89

(/usr/local/texlive/2024/texmf-dist/tex/generic/babel/txtbabel.def)
\bbl@readstream=\read2
\bbl@dirlevel=\count329

(/usr/local/texlive/2024/texmf-dist/tex/generic/babel-russian/russianb.ldf
File: russianb.ldf 2021/01/10 1.3m Russian support for the Babel system
Language: russian 2020/09/09 1.3k Russian support for the Babel system
Package babel Info: Making " an active character on input line 124.
Package babel Info: Default for \cyrdash is provided on input line 163.
)
(/usr/local/texlive/2024/texmf-dist/tex/generic/babel-english/english.ldf
Language: english 2017/06/06 v3.3r English support from the babel system
Package babel Info: Hyphen rules for 'canadian' set to \l@english
(babel)             (\language0). Reported on input line 102.
Package babel Info: Hyphen rules for 'australian' set to \l@ukenglish
(babel)             (\language23). Reported on input line 105.
Package babel Info: Hyphen rules for 'newzealand' set to \l@ukenglish
(babel)             (\language23). Reported on input line 108.
))
(/usr/local/texlive/2024/texmf-dist/tex/generic/babel/locale/en/babel-english.t
ex
Package babel Info: Importing font and identification data for english
(babel)             from babel-en.ini. Reported on input line 11.
)
(/usr/local/texlive/2024/texmf-dist/tex/generic/babel/locale/ru/babel-russian.t
ex
Package babel Info: Importing font and identification data for russian
(babel)             from babel-ru.ini. Reported on input line 11.
) (/usr/local/texlive/2024/texmf-dist/tex/latex/listings/listings.sty
\lst@mode=\count330
\lst@gtempboxa=\box84
\lst@token=\toks31
\lst@length=\count331
\lst@currlwidth=\dimen191
\lst@column=\count332
\lst@pos=\count333
\lst@lostspace=\dimen192
\lst@width=\dimen193
\lst@newlines=\count334
\lst@lineno=\count335
\lst@maxwidth=\dimen194

(/usr/local/texlive/2024/texmf-dist/tex/latex/listings/lstpatch.sty
File: lstpatch.sty 2024/02/21 1.10 (Carsten Heinz)
)
(/usr/local/texlive/2024/texmf-dist/tex/latex/listings/lstmisc.sty
File: lstmisc.sty 2024/02/21 1.10 (Carsten Heinz)
\c@lstnumber=\count336
\lst@skipnumbers=\count337
\lst@framebox=\box85
)
(/usr/local/texlive/2024/texmf-dist/tex/latex/listings/listings.cfg
File: listings.cfg 2024/02/21 1.10 listings configuration
))
Package: listings 2024/02/21 1.10 (Carsten Heinz)

(/usr/local/texlive/2024/texmf-dist/tex/latex/listings/lstlang1.sty
File: lstlang1.sty 2024/02/21 1.10 listings language file
)
(/usr/local/texlive/2024/texmf-dist/tex/latex/listings/lstlang2.sty
File: lstlang2.sty 2024/02/21 1.10 listings language file
)
(/usr/local/texlive/2024/texmf-dist/tex/latex/listings/lstlang3.sty
File: lstlang3.sty 2024/02/21 1.10 listings language file
)
(/usr/local/texlive/2024/texmf-dist/tex/latex/listings/lstlang1.sty
File: lstlang1.sty 2024/02/21 1.10 listings language file
)
(/usr/local/texlive/2024/texmf-dist/tex/latex/listings/lstlang2.sty
File: lstlang2.sty 2024/02/21 1.10 listings language file
)
(/usr/local/texlive/2024/texmf-dist/tex/latex/listings/lstlang3.sty
File: lstlang3.sty 2024/02/21 1.10 listings language file
)
(/usr/local/texlive/2024/texmf-dist/tex/latex/listings/lstlang1.sty
File: lstlang1.sty 2024/02/21 1.10 listings language file
)
(/usr/local/texlive/2024/texmf-dist/tex/latex/listings/lstlang2.sty
File: lstlang2.sty 2024/02/21 1.10 listings language file
)
(/usr/local/texlive/2024/texmf-dist/tex/latex/listings/lstlang3.sty
File: lstlang3.sty 2024/02/21 1.10 listings language file
)
(/usr/local/texlive/2024/texmf-dist/tex/latex/listings/lstmisc.sty
File: lstmisc.sty 2024/02/21 1.10 (Carsten Heinz)
)
Class revtex4-1 Info: Unrecognized array package. Please update this document c
lass! (Proceeding with fingers crossed.) on input line 13.
Class revtex4-1 Info: cite was not loaded (OK!) on input line 13.
Class revtex4-1 Info: mcite was not loaded (OK!) on input line 13.
Class revtex4-1 Info: multicol was not loaded (OK!) on input line 13.

(/usr/local/texlive/2024/texmf-dist/tex/latex/l3backend/l3backend-pdftex.def
File: l3backend-pdftex.def 2024-02-20 L3 backend support: PDF output (pdfTeX)
\l__color_backend_stack_int=\count338
\l__pdf_internal_box=\box86
)
No file nst_template.aux.
\openout1 = `nst_template.aux'.

LaTeX Font Info:    Checking defaults for OML/cmm/m/it on input line 13.
LaTeX Font Info:    ... okay on input line 13.
LaTeX Font Info:    Checking defaults for OMS/cmsy/m/n on input line 13.
LaTeX Font Info:    ... okay on input line 13.
LaTeX Font Info:    Checking defaults for OT1/cmr/m/n on input line 13.
LaTeX Font Info:    ... okay on input line 13.
LaTeX Font Info:    Checking defaults for T1/cmr/m/n on input line 13.
LaTeX Font Info:    ... okay on input line 13.
LaTeX Font Info:    Checking defaults for TS1/cmr/m/n on input line 13.
LaTeX Font Info:    ... okay on input line 13.
LaTeX Font Info:    Checking defaults for OMX/cmex/m/n on input line 13.
LaTeX Font Info:    ... okay on input line 13.
LaTeX Font Info:    Checking defaults for U/cmr/m/n on input line 13.
LaTeX Font Info:    ... okay on input line 13.
LaTeX Font Info:    Checking defaults for PD1/pdf/m/n on input line 13.
LaTeX Font Info:    ... okay on input line 13.
LaTeX Font Info:    Checking defaults for PU/pdf/m/n on input line 13.
LaTeX Font Info:    ... okay on input line 13.
LaTeX Font Info:    Checking defaults for C00/song/m/n on input line 13.
LaTeX Font Info:    ... okay on input line 13.
LaTeX Font Info:    Checking defaults for C05/song/m/n on input line 13.
LaTeX Font Info:    ... okay on input line 13.
LaTeX Font Info:    Checking defaults for C09/song/m/n on input line 13.
LaTeX Font Info:    ... okay on input line 13.
LaTeX Font Info:    Checking defaults for C10/song/m/n on input line 13.
LaTeX Font Info:    ... okay on input line 13.
LaTeX Font Info:    Checking defaults for C20/song/m/n on input line 13.
LaTeX Font Info:    ... okay on input line 13.
LaTeX Font Info:    Checking defaults for C19/song/m/n on input line 13.
LaTeX Font Info:    ... okay on input line 13.
LaTeX Font Info:    Checking defaults for C40/song/m/n on input line 13.
LaTeX Font Info:    ... okay on input line 13.
LaTeX Font Info:    Checking defaults for C42/song/m/n on input line 13.
LaTeX Font Info:    ... okay on input line 13.
LaTeX Font Info:    Checking defaults for C43/song/m/n on input line 13.
LaTeX Font Info:    ... okay on input line 13.
LaTeX Font Info:    Checking defaults for C50/song/m/n on input line 13.
LaTeX Font Info:    ... okay on input line 13.
LaTeX Font Info:    Checking defaults for C52/song/m/n on input line 13.
LaTeX Font Info:    ... okay on input line 13.
LaTeX Font Info:    Checking defaults for C49/song/m/n on input line 13.
LaTeX Font Info:    ... okay on input line 13.
LaTeX Font Info:    Checking defaults for C60/mj/m/n on input line 13.
LaTeX Font Info:    ... okay on input line 13.
LaTeX Font Info:    Checking defaults for C61/mj/m/n on input line 13.
LaTeX Font Info:    ... okay on input line 13.
LaTeX Font Info:    Checking defaults for C63/mj/m/n on input line 13.
LaTeX Font Info:    ... okay on input line 13.
LaTeX Font Info:    Checking defaults for C64/mj/m/n on input line 13.
LaTeX Font Info:    ... okay on input line 13.
LaTeX Font Info:    Checking defaults for C65/mj/m/n on input line 13.
LaTeX Font Info:    ... okay on input line 13.
LaTeX Font Info:    Checking defaults for C70/song/m/n on input line 13.
LaTeX Font Info:    ... okay on input line 13.
LaTeX Font Info:    Checking defaults for C31/song/m/n on input line 13.
LaTeX Font Info:    ... okay on input line 13.
LaTeX Font Info:    Checking defaults for C32/song/m/n on input line 13.
LaTeX Font Info:    ... okay on input line 13.
LaTeX Font Info:    Checking defaults for C33/song/m/n on input line 13.
LaTeX Font Info:    ... okay on input line 13.
LaTeX Font Info:    Checking defaults for C34/song/m/n on input line 13.
LaTeX Font Info:    ... okay on input line 13.
LaTeX Font Info:    Checking defaults for C35/song/m/n on input line 13.
LaTeX Font Info:    ... okay on input line 13.
LaTeX Font Info:    Checking defaults for C36/song/m/n on input line 13.
LaTeX Font Info:    ... okay on input line 13.
LaTeX Font Info:    Checking defaults for C37/song/m/n on input line 13.
LaTeX Font Info:    ... okay on input line 13.
LaTeX Font Info:    Checking defaults for C80/song/m/n on input line 13.
LaTeX Font Info:    ... okay on input line 13.
LaTeX Font Info:    Checking defaults for C81/song/m/n on input line 13.
LaTeX Font Info:    ... okay on input line 13.
LaTeX Font Info:    Checking defaults for C01/song/m/n on input line 13.
LaTeX Font Info:    ... okay on input line 13.
LaTeX Font Info:    Checking defaults for C11/song/m/n on input line 13.
LaTeX Font Info:    ... okay on input line 13.
LaTeX Font Info:    Checking defaults for C21/song/m/n on input line 13.
LaTeX Font Info:    ... okay on input line 13.
LaTeX Font Info:    Checking defaults for C41/song/m/n on input line 13.
LaTeX Font Info:    ... okay on input line 13.
LaTeX Font Info:    Checking defaults for C62/song/m/n on input line 13.
LaTeX Font Info:    ... okay on input line 13.
LaTeX Font Info:    Checking defaults for T2A/cmr/m/n on input line 13.
LaTeX Font Info:    Trying to load font information for T2A+cmr on input line 1
3.
(/usr/local/texlive/2024/texmf-dist/tex/latex/cyrillic/t2acmr.fd
File: t2acmr.fd 2001/08/11 v1.0a Computer Modern Cyrillic font definitions
)
LaTeX Font Info:    ... okay on input line 13.

(/usr/local/texlive/2024/texmf-dist/tex/latex/translations/translations-basic-d
ictionary-english.trsl
File: translations-basic-dictionary-english.trsl (english translation file `tra
nslations-basic-dictionary')
)
Package translations Info: loading dictionary `translations-basic-dictionary' f
or `english'. on input line 13.
Package translations Info: no dictionary file `translations-basic-dictionary-ru
ssian.trsl' found. on input line 13.

(/usr/local/texlive/2024/texmf-dist/tex/context/base/mkii/supp-pdf.mkii
[Loading MPS to PDF converter (version 2006.09.02).]
\scratchcounter=\count339
\scratchdimen=\dimen195
\scratchbox=\box87
\nofMPsegments=\count340
\nofMParguments=\count341
\everyMPshowfont=\toks32
\MPscratchCnt=\count342
\MPscratchDim=\dimen196
\MPnumerator=\count343
\makeMPintoPDFobject=\count344
\everyMPtoPDFconversion=\toks33
) (/usr/local/texlive/2024/texmf-dist/tex/latex/epstopdf-pkg/epstopdf-base.sty
Package: epstopdf-base 2020-01-24 v2.11 Base part for package epstopdf
Package epstopdf-base Info: Redefining graphics rule for `.eps' on input line 4
85.

(/usr/local/texlive/2024/texmf-dist/tex/latex/latexconfig/epstopdf-sys.cfg
File: epstopdf-sys.cfg 2010/07/13 v1.3 Configuration of (r)epstopdf for TeX Liv
e
))
Package hyperref Info: Link coloring ON on input line 13.
\@outlinefile=\write4
\openout4 = `nst_template.out'.


*geometry* driver: auto-detecting
*geometry* detected driver: pdftex
*geometry* verbose mode - [ preamble ] result:
* driver: pdftex
* paper: a4paper
* layout: <same size as paper>
* layoutoffset:(h,v)=(0.0pt,0.0pt)
* hratio: 1:1
* vratio: 1:1
* modes: twoside asymmetric 
* h-part:(L,W,R)=(45.52441pt, 506.45905pt, 45.52441pt)
* v-part:(T,H,B)=(86.7809pt, 671.48503pt, 86.78091pt)
* \paperwidth=597.50787pt
* \paperheight=845.04684pt
* \textwidth=506.45905pt
* \textheight=671.48503pt
* \oddsidemargin=-26.74557pt
* \evensidemargin=-26.74557pt
* \topmargin=-26.48909pt
* \headheight=25.0pt
* \headsep=16.0pt
* \topskip=10.0pt
* \footskip=30.0pt
* \marginparwidth=107.0pt
* \marginparsep=6.0pt
* \columnsep=18.0pt
* \skip\footins=39.0pt plus 4.0pt minus 12.0pt
* \hoffset=0.0pt
* \voffset=0.0pt
* \mag=1000
* \@twocolumnfalse
* \@twosidetrue
* \@mparswitchfalse
* \@reversemarginfalse
* (1in=72.27pt=25.4mm, 1cm=28.453pt)

LaTeX Info: Redefining \th on input line 13.
\c@lstlisting=\count345
Class revtex4-1 Info: Overriding lineo.sty, restoring output routine, on input 
line 13.
Class revtex4-1 Info: Line numbering not turned on yet on input line 13.
\openout3 = `nst_templateNotes.bib'.

Class revtex4-1 Info: Overriding \@LN@LLerror on input line 13.

Underfull \vbox (badness 10000) detected at line 16

\vbox(11.5+0.09991)x202.58052
.\hbox(6.7799+0.09991)x202.58052, glue set 32.32137fil
..\T1/ptm/m/n/10 T
..\T1/ptm/m/n/10 I
..\T1/ptm/m/n/10 T
..\T1/ptm/m/n/10 L
..\T1/ptm/m/n/10 E
..\T1/ptm/m/n/10 S
..\glue 2.5 plus 1.49847 minus 0.60057
..\T1/ptm/m/n/10 S
..\T1/ptm/m/n/10 H
..\T1/ptm/m/n/10 O
..\T1/ptm/m/n/10 U
..\T1/ptm/m/n/10 L
..\T1/ptm/m/n/10 D
..\glue 2.5 plus 1.49847 minus 0.60057
..\T1/ptm/m/n/10 B
..\T1/ptm/m/n/10 E
..\glue 2.5 plus 1.49847 minus 0.60057
..\T1/ptm/m/n/10 N
..\T1/ptm/m/n/10 O
..\glue 2.5 plus 1.49847 minus 0.60057
..\T1/ptm/m/n/10 M
..\T1/ptm/m/n/10 O
..\T1/ptm/m/n/10 R
..\T1/ptm/m/n/10 E
..\glue 2.5 plus 1.49847 minus 0.60057
..\T1/ptm/m/n/10 T
..\T1/ptm/m/n/10 H
..\T1/ptm/m/n/10 A
..\T1/ptm/m/n/10 N
..\glue(\rightskip) 0.0 plus 1.0fil

LaTeX Font Info:    Trying to load font information for U+msa on input line 37.

(/usr/local/texlive/2024/texmf-dist/tex/latex/amsfonts/umsa.fd
File: umsa.fd 2013/01/14 v3.01 AMS symbols A
)
LaTeX Font Info:    Trying to load font information for U+msb on input line 37.


(/usr/local/texlive/2024/texmf-dist/tex/latex/amsfonts/umsb.fd
File: umsb.fd 2013/01/14 v3.01 AMS symbols B
)
Underfull \hbox (badness 3375) in paragraph at lines 37--37
  [][][]\T1/ptm/m/n/8 Supported by the Na-tional Nat-u-ral Sci-ence Foun-da-tio
n of China

\hbox(5.615+1.73193)x244.22952, glue set 3.23326
.\glue(\leftskip) 8.0
.\penalty 10000
.\glue -8.0
.\penalty 10000
.\hbox(0.0+0.0)x0.0
..\hbox(0.0+0.0)x0.0, shifted -9.5
...\pdfdest name{frontmatter.1} xyz
...\penalty 10000
.\hbox(5.615+0.0)x8.0, glue set 1.66669fil
..\glue 0.0 plus 1.0fil minus 1.0fil
..\mathon
..\hbox(2.79167+0.0)x4.33331, shifted -2.82333
...\mathon
...\OMS/cmsy/m/n/6 ^^C
...\mathoff
..\mathoff
..\glue 2.0 plus 1.2 minus 0.47998
.\hbox(1.0+0.0)x0.0
..\rule(1.0+0.0)x0.0
.\T1/ptm/m/n/8 S
.\T1/ptm/m/n/8 u
.\T1/ptm/m/n/8 p
.\T1/ptm/m/n/8 p
.\T1/ptm/m/n/8 o
.\T1/ptm/m/n/8 r
.\T1/ptm/m/n/8 t
.\T1/ptm/m/n/8 e
.\T1/ptm/m/n/8 d
.\glue 2.0 plus 1.2 minus 0.47998
.\T1/ptm/m/n/8 b
.\T1/ptm/m/n/8 y
.\glue 2.0 plus 1.2 minus 0.47998
.\T1/ptm/m/n/8 t
.\T1/ptm/m/n/8 h
.\T1/ptm/m/n/8 e
.\glue 2.0 plus 1.2 minus 0.47998
.\T1/ptm/m/n/8 N
.\T1/ptm/m/n/8 a
.\discretionary
..\T1/ptm/m/n/8 -
.\T1/ptm/m/n/8 t
.\T1/ptm/m/n/8 i
.\T1/ptm/m/n/8 o
.\T1/ptm/m/n/8 n
.\T1/ptm/m/n/8 a
.\T1/ptm/m/n/8 l
.\glue 2.0 plus 1.2 minus 0.47998
.\T1/ptm/m/n/8 N
.\T1/ptm/m/n/8 a
.\T1/ptm/m/n/8 t
.\discretionary
..\T1/ptm/m/n/8 -
.\T1/ptm/m/n/8 u
.\discretionary
..\T1/ptm/m/n/8 -
.\T1/ptm/m/n/8 r
.\T1/ptm/m/n/8 a
.\T1/ptm/m/n/8 l
.\glue 2.0 plus 1.2 minus 0.47998
.\T1/ptm/m/n/8 S
.\T1/ptm/m/n/8 c
.\T1/ptm/m/n/8 i
.\discretionary
..\T1/ptm/m/n/8 -
.\T1/ptm/m/n/8 e
.\T1/ptm/m/n/8 n
.\T1/ptm/m/n/8 c
.\T1/ptm/m/n/8 e
.\glue 2.0 plus 1.2 minus 0.47998
.\T1/ptm/m/n/8 F
.\kern-0.11992
.\T1/ptm/m/n/8 o
.\T1/ptm/m/n/8 u
.\T1/ptm/m/n/8 n
.\discretionary
..\T1/ptm/m/n/8 -
.\T1/ptm/m/n/8 d
.\T1/ptm/m/n/8 a
.\discretionary
..\T1/ptm/m/n/8 -
.\T1/ptm/m/n/8 t
.\T1/ptm/m/n/8 i
.\T1/ptm/m/n/8 o
.\T1/ptm/m/n/8 n
.\glue 2.0 plus 1.2 minus 0.47998
.\T1/ptm/m/n/8 o
.\T1/ptm/m/n/8 f
.\glue 2.0 plus 1.2 minus 0.47998
.\T1/ptm/m/n/8 C
.\T1/ptm/m/n/8 h
.\T1/ptm/m/n/8 i
.\T1/ptm/m/n/8 n
.\T1/ptm/m/n/8 a
.\glue(\rightskip) 0.0

LaTeX Font Info:    Trying to load font information for T1+phv on input line 40
.
(/usr/local/texlive/2024/texmf-dist/tex/latex/psnfss/t1phv.fd
File: t1phv.fd 2020/03/25 scalable font definitions for T1/phv.
)
LaTeX Font Info:    Trying to load font information for T2A+ptm on input line 4
4.
LaTeX Font Info:    No file T2Aptm.fd. on input line 44.


LaTeX Font Warning: Font shape `T2A/ptm/m/n' undefined
(Font)              using `T2A/cmr/m/n' instead on input line 44.


Underfull \hbox (badness 1430) in paragraph at lines 54--55
 []\T1/ptm/m/n/10 Common ex-

\hbox(6.88995+2.02997)x244.22952, glue set 2.42776
.\glue(\leftskip) 25.0
.\hbox(6.88995+2.02997)x163.2382
..\glue -25.0
..\glue 0.0
..\glue -4.0
..\hbox(6.88995+2.02997)x188.2382
...\pdfcolorstack 0 push {0 g 0 G}
...\glue 4.0
...\T1/ptm/b/n/10 M
...\T1/ptm/b/n/10 o
...\T1/ptm/b/n/10 n
...\T1/ptm/b/n/10 o
...\T1/ptm/b/n/10 c
...\T1/ptm/b/n/10 h
...\T1/ptm/b/n/10 r
...\kern-0.17993
...\T1/ptm/b/n/10 o
...\T1/ptm/b/n/10 m
...\T1/ptm/b/n/10 e
...\glue 2.5 plus 1.49998 minus 0.59998
...\T1/ptm/b/n/10 (
...\T1/ptm/b/n/10 1
...\T1/ptm/b/n/10 -
...\T1/ptm/b/n/10 b
...\T1/ptm/b/n/10 i
...\T1/ptm/b/n/10 t
...\T1/ptm/b/n/10 )
...\glue 2.5 plus 1.49998 minus 0.59998
...\T1/ptm/b/n/10 i
...\T1/ptm/b/n/10 m
...\T1/ptm/b/n/10 a
...\T1/ptm/b/n/10 g
...\T1/ptm/b/n/10 e
...\T1/ptm/b/n/10 s
...\glue 2.5 plus 1.49998 minus 0.59998
...\T1/ptm/b/n/10 (
...\T1/ptm/b/n/10 l
...\T1/ptm/b/n/10 i
...\T1/ptm/b/n/10 n
...\T1/ptm/b/n/10 e
...\glue 2.5 plus 1.49998 minus 0.59998
...\T1/ptm/b/n/10 d
...\T1/ptm/b/n/10 r
...\T1/ptm/b/n/10 a
...\T1/ptm/b/n/10 w
...\T1/ptm/b/n/10 i
...\T1/ptm/b/n/10 n
...\T1/ptm/b/n/10 g
...\T1/ptm/b/n/10 )
...\T1/ptm/b/n/10 :
...\pdfcolorstack 0 pop
..\glue 4.0
.\penalty 0
.\T1/ptm/m/n/10 C
.\T1/ptm/m/n/10 o
.\T1/ptm/m/n/10 m
.\T1/ptm/m/n/10 m
.\T1/ptm/m/n/10 o
.\T1/ptm/m/n/10 n
.\glue 2.5 plus 1.49998 minus 0.59998
.\T1/ptm/m/n/10 e
.\kern-0.1499
.\T1/ptm/m/n/10 x
.\discretionary
.\T1/ptm/m/n/10 -
.\glue(\rightskip) 0.0

LaTeX Font Info:    Trying to load font information for T1+pcr on input line 59
.
(/usr/local/texlive/2024/texmf-dist/tex/latex/psnfss/t1pcr.fd
File: t1pcr.fd 2001/06/04 font definitions for T1/pcr.
)
Underfull \hbox (badness 10000) in paragraph at lines 61--62
[]\T1/ptm/m/n/10 For ex-am-ple, if a fig-ure is wrapped in

\hbox(6.7799+2.16492)x244.22952, glue set 7.72429
.\hbox(0.0+0.0)x10.0
.\T1/ptm/m/n/10 F
.\kern-0.1499
.\T1/ptm/m/n/10 o
.\T1/ptm/m/n/10 r
.\glue 2.5 plus 1.49998 minus 0.59998
.\T1/ptm/m/n/10 e
.\kern-0.1499
.\T1/ptm/m/n/10 x
.\discretionary
..\T1/ptm/m/n/10 -
.\T1/ptm/m/n/10 a
.\T1/ptm/m/n/10 m
.\discretionary
..\T1/ptm/m/n/10 -
.\T1/ptm/m/n/10 p
.\T1/ptm/m/n/10 l
.\T1/ptm/m/n/10 e
.\T1/ptm/m/n/10 ,
.\glue 2.5 plus 1.87497 minus 0.47998
.\T1/ptm/m/n/10 i
.\T1/ptm/m/n/10 f
.\glue 2.5 plus 1.49998 minus 0.59998
.\T1/ptm/m/n/10 a
.\glue 2.5 plus 1.49998 minus 0.59998
.\T1/ptm/m/n/10 ^^\ (ligature fi)
.\T1/ptm/m/n/10 g
.\discretionary
..\T1/ptm/m/n/10 -
.\T1/ptm/m/n/10 u
.\T1/ptm/m/n/10 r
.\T1/ptm/m/n/10 e
.\glue 2.5 plus 1.49998 minus 0.59998
.\T1/ptm/m/n/10 i
.\T1/ptm/m/n/10 s
.\glue 2.5 plus 1.49998 minus 0.59998
.\T1/ptm/m/n/10 w
.\T1/ptm/m/n/10 r
.\T1/ptm/m/n/10 a
.\T1/ptm/m/n/10 p
.\T1/ptm/m/n/10 p
.\T1/ptm/m/n/10 e
.\T1/ptm/m/n/10 d
.\glue 2.5 plus 1.49998 minus 0.59998
.\T1/ptm/m/n/10 i
.\T1/ptm/m/n/10 n
.\glue(\rightskip) 0.0


Underfull \hbox (badness 4441) in paragraph at lines 61--62
[][]\T1/pcr/m/n/10 \begin{figure}[!htb]...\end{figure}[]\T1/ptm/m/n/10 , L[]T[]
X

\hbox(6.50987+2.24998)x244.22952, glue set 3.54277
.\hbox(0.0+0.0)x0.0
.\setlanguage2 (hyphenmin 2,3)
.\T1/pcr/m/n/10 \
.\T1/pcr/m/n/10 b
.\T1/pcr/m/n/10 e
.\T1/pcr/m/n/10 g
.\T1/pcr/m/n/10 i
.\T1/pcr/m/n/10 n
.\T1/pcr/m/n/10 {
.\T1/pcr/m/n/10 f
.\T1/pcr/m/n/10 i
.\T1/pcr/m/n/10 g
.\T1/pcr/m/n/10 u
.\T1/pcr/m/n/10 r
.\T1/pcr/m/n/10 e
.\T1/pcr/m/n/10 }
.\T1/pcr/m/n/10 [
.\T1/pcr/m/n/10 !
.\T1/pcr/m/n/10 h
.\T1/pcr/m/n/10 t
.\T1/pcr/m/n/10 b
.\T1/pcr/m/n/10 ]
.\T1/pcr/m/n/10 .
.\T1/pcr/m/n/10 .
.\T1/pcr/m/n/10 .
.\T1/pcr/m/n/10 \
.\T1/pcr/m/n/10 e
.\T1/pcr/m/n/10 n
.\T1/pcr/m/n/10 d
.\T1/pcr/m/n/10 {
.\T1/pcr/m/n/10 f
.\T1/pcr/m/n/10 i
.\T1/pcr/m/n/10 g
.\T1/pcr/m/n/10 u
.\T1/pcr/m/n/10 r
.\T1/pcr/m/n/10 e
.\T1/pcr/m/n/10 }
.\setlanguage0 (hyphenmin 2,3)
.\T1/ptm/m/n/10 ,
.\glue 2.5 plus 1.87497 minus 0.47998
.\T1/ptm/m/n/10 L
.\kern -3.6
.\vbox(6.50987+0.0)x5.05397, glue set 1.76395fil
..\hbox(4.74593+0.0)x5.05397
...\T1/ptm/m/n/7 A
..\glue 0.0 plus 1.0fil minus 1.0fil
.\kern -1.49994
.\T1/ptm/m/n/10 T
.\kern -1.66702
.\hbox(6.50987+0.0)x6.10999, shifted 2.24998
..\T1/ptm/m/n/10 E
.\kern -1.25
.\T1/ptm/m/n/10 X
.\glue(\rightskip) 0.0

[1{/usr/local/texlive/2024/texmf-var/fonts/map/pdftex/updmap/pdftex.map}{/usr/l
ocal/texlive/2024/texmf-dist/fonts/enc/dvips/base/8r.enc}{/usr/local/texlive/20
24/texmf-dist/fonts/enc/dvips/cm-super/cm-super-t2a.enc}]

LaTeX Warning: Reference `lst:fig' on page 2 undefined on input line 65.


LaTeX Warning: Reference `fig:one-column-figure' on page 2 undefined on input l
ine 65.


LaTeX Warning: Reference `fig:two-columns-figure' on page 2 undefined on input 
line 65.

Package hyperref Info: bookmark level for unknown lstlisting defaults to 0 on i
nput line 67.

LaTeX Warning: Reference `fig:one-column-figure' on page 2 undefined on input l
ine 67.

<file.png, id=30, 924.90224pt x 672.72606pt>
File: file.png Graphic file (type png)
<use file.png>
Package pdftex.def Info: file.png  used on input line 80.
(pdftex.def)             Requested size: 109.90253pt x 79.93324pt.
File: file.png Graphic file (type png)
<use file.png>
Package pdftex.def Info: file.png  used on input line 88.
(pdftex.def)             Requested size: 455.81004pt x 331.53767pt.

LaTeX Warning: Reference `fig:two-columns-figure' on page 2 undefined on input 
line 93.


LaTeX Warning: Reference `tab:animal-price' on page 2 undefined on input line 1
08.


LaTeX Warning: Reference `lst:tab' on page 2 undefined on input line 108.


LaTeX Warning: Reference `sec:artwork' on page 2 undefined on input line 108.


LaTeX Warning: Reference `tab:animal-price' on page 2 undefined on input line 1
11.


Underfull \hbox (badness 1442) in paragraph at lines 134--136
[]\T1/ptm/m/n/10 The SI sys-tem should be used for all sci-en-tific and

\hbox(6.7799+2.16492)x244.22952, glue set 2.4345
.\hbox(0.0+0.0)x10.0
.\T1/ptm/m/n/10 T
.\T1/ptm/m/n/10 h
.\T1/ptm/m/n/10 e
.\glue 2.5 plus 1.49998 minus 0.59998
.\T1/ptm/m/n/10 S
.\T1/ptm/m/n/10 I
.\glue 2.5 plus 1.49847 minus 0.60057
.\T1/ptm/m/n/10 s
.\T1/ptm/m/n/10 y
.\T1/ptm/m/n/10 s
.\discretionary
..\T1/ptm/m/n/10 -
.\T1/ptm/m/n/10 t
.\T1/ptm/m/n/10 e
.\T1/ptm/m/n/10 m
.\glue 2.5 plus 1.49998 minus 0.59998
.\T1/ptm/m/n/10 s
.\T1/ptm/m/n/10 h
.\T1/ptm/m/n/10 o
.\T1/ptm/m/n/10 u
.\T1/ptm/m/n/10 l
.\T1/ptm/m/n/10 d
.\glue 2.5 plus 1.49998 minus 0.59998
.\T1/ptm/m/n/10 b
.\T1/ptm/m/n/10 e
.\glue 2.5 plus 1.49998 minus 0.59998
.\T1/ptm/m/n/10 u
.\T1/ptm/m/n/10 s
.\T1/ptm/m/n/10 e
.\T1/ptm/m/n/10 d
.\glue 2.5 plus 1.49998 minus 0.59998
.\T1/ptm/m/n/10 f
.\T1/ptm/m/n/10 o
.\T1/ptm/m/n/10 r
.\glue 2.5 plus 1.49998 minus 0.59998
.\T1/ptm/m/n/10 a
.\T1/ptm/m/n/10 l
.\T1/ptm/m/n/10 l
.\glue 2.5 plus 1.49998 minus 0.59998
.\T1/ptm/m/n/10 s
.\T1/ptm/m/n/10 c
.\T1/ptm/m/n/10 i
.\discretionary
..\T1/ptm/m/n/10 -
.\T1/ptm/m/n/10 e
.\T1/ptm/m/n/10 n
.\discretionary
..\T1/ptm/m/n/10 -
.\T1/ptm/m/n/10 t
.\T1/ptm/m/n/10 i
.\T1/ptm/m/n/10 ^^\ (ligature fi)
.\T1/ptm/m/n/10 c
.\glue 2.5 plus 1.49998 minus 0.59998
.\T1/ptm/m/n/10 a
.\T1/ptm/m/n/10 n
.\T1/ptm/m/n/10 d
.\glue(\rightskip) 0.0


Underfull \hbox (badness 2707) in paragraph at lines 134--136
\T1/ptm/m/n/10 lab-o-ra-tory data. To type-set the SI units, two com-

\hbox(6.7799+2.16492)x244.22952, glue set 3.0066
.\T1/ptm/m/n/10 l
.\T1/ptm/m/n/10 a
.\T1/ptm/m/n/10 b
.\discretionary
..\T1/ptm/m/n/10 -
.\T1/ptm/m/n/10 o
.\discretionary
..\T1/ptm/m/n/10 -
.\T1/ptm/m/n/10 r
.\T1/ptm/m/n/10 a
.\discretionary
..\T1/ptm/m/n/10 -
.\T1/ptm/m/n/10 t
.\T1/ptm/m/n/10 o
.\T1/ptm/m/n/10 r
.\T1/ptm/m/n/10 y
.\glue 2.5 plus 1.49998 minus 0.59998
.\T1/ptm/m/n/10 d
.\T1/ptm/m/n/10 a
.\T1/ptm/m/n/10 t
.\T1/ptm/m/n/10 a
.\T1/ptm/m/n/10 .
.\glue 3.09998 plus 4.49995 minus 0.19998
.\T1/ptm/m/n/10 T
.\kern-0.79994
.\T1/ptm/m/n/10 o
.\glue 2.5 plus 1.49998 minus 0.59998
.\T1/ptm/m/n/10 t
.\T1/ptm/m/n/10 y
.\T1/ptm/m/n/10 p
.\T1/ptm/m/n/10 e
.\discretionary
..\T1/ptm/m/n/10 -
.\T1/ptm/m/n/10 s
.\T1/ptm/m/n/10 e
.\T1/ptm/m/n/10 t
.\glue 2.5 plus 1.49998 minus 0.59998
.\T1/ptm/m/n/10 t
.\T1/ptm/m/n/10 h
.\T1/ptm/m/n/10 e
.\glue 2.5 plus 1.49998 minus 0.59998
.\T1/ptm/m/n/10 S
.\T1/ptm/m/n/10 I
.\glue 2.5 plus 1.49847 minus 0.60057
.\T1/ptm/m/n/10 u
.\T1/ptm/m/n/10 n
.\T1/ptm/m/n/10 i
.\T1/ptm/m/n/10 t
.\T1/ptm/m/n/10 s
.\T1/ptm/m/n/10 ,
.\glue 2.5 plus 1.87497 minus 0.47998
.\T1/ptm/m/n/10 t
.\T1/ptm/m/n/10 w
.\kern-0.09999
.\T1/ptm/m/n/10 o
.\glue 2.5 plus 1.49998 minus 0.59998
.\T1/ptm/m/n/10 c
.\T1/ptm/m/n/10 o
.\T1/ptm/m/n/10 m
.\discretionary
.\T1/ptm/m/n/10 -
.\glue(\rightskip) 0.0


Underfull \hbox (badness 1014) in paragraph at lines 134--136
[] \T1/ptm/m/n/10 and [][]\T1/pcr/m/n/10 \si{\micro\ampere} []\T1/ptm/m/n/10 gi
ves [].

\hbox(9.14003+2.94444)x244.22952, glue set 2.16641
.\hbox(9.14003+1.83333)x60.05591
..\hbox(10.97336+0.0)x60.05591, shifted 1.83333
...\vbox(10.97336+0.0)x60.05591
....\rule(1.0+0.0)x*
....\hbox(8.97336+0.0)x60.05591
.....\rule(*+*)x1.0
.....\vbox(8.97336+0.0)x58.05591
......\glue 0.0
......\hbox(8.14003+0.83333)x58.05591
.......\kern 0.0
.......\mathon
.......\OT1/cmr/m/n/10 3
.......\glue(\medmuskip) 2.22217 plus 1.11108 minus 2.22217
.......\OMS/cmsy/m/n/10 ^^B
.......\glue(\medmuskip) 2.22217 plus 1.11108 minus 2.22217
.......\OT1/cmr/m/n/10 1
.......\OT1/cmr/m/n/10 0
.......\hbox(4.51111+0.0)x4.48613, shifted -3.62892
........\OT1/cmr/m/n/7 8
.......\mathoff
.......\kern 1.66702
.......\penalty 10000
.......\mathon
.......\OT1/cmr/m/n/10 m
.......\glue 1.66663
.......\OT1/cmr/m/n/10 s
.......\hbox(4.51111+0.83334)x10.73615, shifted -3.62892
........\OMS/cmsy/m/n/7 ^^@
........\OT1/cmr/m/n/7 1
.......\mathoff
.......\kern 0.0
......\glue 0.0
.....\rule(*+*)x1.0
....\rule(1.0+0.0)x*
.\glue 2.5 plus 1.49998 minus 0.59998
.\T1/ptm/m/n/10 a
.\T1/ptm/m/n/10 n
.\T1/ptm/m/n/10 d
.\glue 2.5 plus 1.49998 minus 0.59998
.\hbox(0.0+0.0)x0.0
.\setlanguage2 (hyphenmin 2,3)
.\T1/pcr/m/n/10 \
.\T1/pcr/m/n/10 s
.\T1/pcr/m/n/10 i
.\T1/pcr/m/n/10 {
.\T1/pcr/m/n/10 \
.\T1/pcr/m/n/10 m
.\T1/pcr/m/n/10 i
.\T1/pcr/m/n/10 c
.\T1/pcr/m/n/10 r
.\T1/pcr/m/n/10 o
.\T1/pcr/m/n/10 \
.\T1/pcr/m/n/10 a
.\T1/pcr/m/n/10 m
.\T1/pcr/m/n/10 p
.\T1/pcr/m/n/10 e
.\T1/pcr/m/n/10 r
.\T1/pcr/m/n/10 e
.\T1/pcr/m/n/10 }
.\glue 2.5 plus 1.49998 minus 0.59998
.\setlanguage0 (hyphenmin 2,3)
.\T1/ptm/m/n/10 g
.\T1/ptm/m/n/10 i
.\kern-0.25
.\T1/ptm/m/n/10 v
.\kern-0.1499
.\T1/ptm/m/n/10 e
.\T1/ptm/m/n/10 s
.\glue 2.5 plus 1.49998 minus 0.59998
.\hbox(7.83331+2.94444)x15.5255
..\hbox(10.77776+0.0)x15.5255, shifted 2.94444
...\vbox(10.77776+0.0)x15.5255
....\rule(1.0+0.0)x*
....\hbox(8.77776+0.0)x15.5255
.....\rule(*+*)x1.0
.....\vbox(8.77776+0.0)x13.5255
......\glue 0.0
......\hbox(6.83331+1.94444)x13.5255
.......\kern 0.0
.......\mathon
.......\hbox(6.83331+1.94444)x13.5255
........\hbox(4.30554+1.94444)x6.02548
.........\hbox(4.30554+1.94444)x6.02548
..........\mathon
..........\OML/cmm/m/it/10 ^^V
..........\mathoff
........\OT1/cmr/m/n/10 A
.......\mathoff
.......\kern 0.0
......\glue 0.0
.....\rule(*+*)x1.0
....\rule(1.0+0.0)x*
.\T1/ptm/m/n/10 .
.\glue(\rightskip) 0.0

[2 <./file.png>]

LaTeX Warning: Reference `lst:eq' on page 3 undefined on input line 141.


LaTeX Warning: Reference `eq:structure-constants-of-Lie-algebra-1' on page 3 un
defined on input line 141.


Underfull \hbox (badness 1460) in paragraph at lines 141--142
\T1/ptm/m/n/10 by putting them in the [][]\T1/pcr/m/n/10 $...$ []\T1/ptm/m/n/10
 blocks. For ex-am-ple,

\hbox(6.7799+2.16492)x244.22952, glue set 2.44742
.\T1/ptm/m/n/10 b
.\T1/ptm/m/n/10 y
.\glue 2.5 plus 1.49998 minus 0.59998
.\T1/ptm/m/n/10 p
.\T1/ptm/m/n/10 u
.\T1/ptm/m/n/10 t
.\T1/ptm/m/n/10 t
.\T1/ptm/m/n/10 i
.\T1/ptm/m/n/10 n
.\T1/ptm/m/n/10 g
.\glue 2.5 plus 1.49998 minus 0.59998
.\T1/ptm/m/n/10 t
.\T1/ptm/m/n/10 h
.\T1/ptm/m/n/10 e
.\T1/ptm/m/n/10 m
.\glue 2.5 plus 1.49998 minus 0.59998
.\T1/ptm/m/n/10 i
.\T1/ptm/m/n/10 n
.\glue 2.5 plus 1.49998 minus 0.59998
.\T1/ptm/m/n/10 t
.\T1/ptm/m/n/10 h
.\T1/ptm/m/n/10 e
.\glue 2.5 plus 1.49998 minus 0.59998
.\hbox(0.0+0.0)x0.0
.\setlanguage2 (hyphenmin 2,3)
.\T1/pcr/m/n/10 $
.\T1/pcr/m/n/10 .
.\T1/pcr/m/n/10 .
.\T1/pcr/m/n/10 .
.\T1/pcr/m/n/10 $
.\glue 2.5 plus 1.49998 minus 0.59998
.\setlanguage0 (hyphenmin 2,3)
.\T1/ptm/m/n/10 b
.\T1/ptm/m/n/10 l
.\T1/ptm/m/n/10 o
.\T1/ptm/m/n/10 c
.\T1/ptm/m/n/10 k
.\T1/ptm/m/n/10 s
.\T1/ptm/m/n/10 .
.\glue 3.09998 plus 4.49995 minus 0.19998
.\T1/ptm/m/n/10 F
.\kern-0.1499
.\T1/ptm/m/n/10 o
.\T1/ptm/m/n/10 r
.\glue 2.5 plus 1.49998 minus 0.59998
.\T1/ptm/m/n/10 e
.\kern-0.1499
.\T1/ptm/m/n/10 x
.\discretionary
..\T1/ptm/m/n/10 -
.\T1/ptm/m/n/10 a
.\T1/ptm/m/n/10 m
.\discretionary
..\T1/ptm/m/n/10 -
.\T1/ptm/m/n/10 p
.\T1/ptm/m/n/10 l
.\T1/ptm/m/n/10 e
.\T1/ptm/m/n/10 ,
.\kern 0.0
.\glue(\rightskip) 0.0


Underfull \hbox (badness 10000) in paragraph at lines 141--142
\T1/pcr/m/n/10 $\mathcal{F} = \frac{1}{\sqrt{2\pi}}

\hbox(6.745+1.53992)x244.22952
.\T1/pcr/m/n/10 $
.\T1/pcr/m/n/10 \
.\T1/pcr/m/n/10 m
.\T1/pcr/m/n/10 a
.\T1/pcr/m/n/10 t
.\T1/pcr/m/n/10 h
.\T1/pcr/m/n/10 c
.\T1/pcr/m/n/10 a
.\T1/pcr/m/n/10 l
.\T1/pcr/m/n/10 {
.\T1/pcr/m/n/10 F
.\T1/pcr/m/n/10 }
.\glue 6.0
.\T1/pcr/m/n/10 =
.\glue 6.0
.\T1/pcr/m/n/10 \
.\T1/pcr/m/n/10 f
.\T1/pcr/m/n/10 r
.\T1/pcr/m/n/10 a
.\T1/pcr/m/n/10 c
.\T1/pcr/m/n/10 {
.\T1/pcr/m/n/10 1
.\T1/pcr/m/n/10 }
.\T1/pcr/m/n/10 {
.\T1/pcr/m/n/10 \
.\T1/pcr/m/n/10 s
.\T1/pcr/m/n/10 q
.\T1/pcr/m/n/10 r
.\T1/pcr/m/n/10 t
.\T1/pcr/m/n/10 {
.\T1/pcr/m/n/10 2
.\T1/pcr/m/n/10 \
.\T1/pcr/m/n/10 p
.\T1/pcr/m/n/10 i
.\T1/pcr/m/n/10 }
.\T1/pcr/m/n/10 }
.\glue(\rightskip) 0.0


Underfull \hbox (badness 10000) in paragraph at lines 141--142
\T1/pcr/m/n/10 \int_{-\infty}^{\infty} \mathrm{d}t

\hbox(6.39496+1.53992)x244.22952
.\T1/pcr/m/n/10 \
.\T1/pcr/m/n/10 i
.\T1/pcr/m/n/10 n
.\T1/pcr/m/n/10 t
.\T1/pcr/m/n/10 _
.\T1/pcr/m/n/10 {
.\T1/pcr/m/n/10 -
.\T1/pcr/m/n/10 \
.\T1/pcr/m/n/10 i
.\T1/pcr/m/n/10 n
.\T1/pcr/m/n/10 f
.\T1/pcr/m/n/10 t
.\T1/pcr/m/n/10 y
.\T1/pcr/m/n/10 }
.\T1/pcr/m/n/10 ^
.\T1/pcr/m/n/10 {
.\T1/pcr/m/n/10 \
.\T1/pcr/m/n/10 i
.\T1/pcr/m/n/10 n
.\T1/pcr/m/n/10 f
.\T1/pcr/m/n/10 t
.\T1/pcr/m/n/10 y
.\T1/pcr/m/n/10 }
.\glue 6.0
.\T1/pcr/m/n/10 \
.\T1/pcr/m/n/10 m
.\T1/pcr/m/n/10 a
.\T1/pcr/m/n/10 t
.\T1/pcr/m/n/10 h
.\T1/pcr/m/n/10 r
.\T1/pcr/m/n/10 m
.\T1/pcr/m/n/10 {
.\T1/pcr/m/n/10 d
.\T1/pcr/m/n/10 }
.\T1/pcr/m/n/10 t
.\glue(\rightskip) 0.0


LaTeX Warning: Reference `eq:structure-constants-of-Lie-algebra-1' on page 3 un
defined on input line 143.


Overfull \hbox (20.69879pt too wide) detected at line 153
[][][]\OML/cmm/m/it/10 C[] \OT1/cmr/m/n/10 = \OMS/cmsy/m/n/10 ^^@\OML/cmm/m/it/
10 C[] \OT1/cmr/m/n/10 = +2\OML/cmm/m/it/10 ;  C[] \OT1/cmr/m/n/10 = \OMS/cmsy/
m/n/10 ^^@\OML/cmm/m/it/10 C[] \OT1/cmr/m/n/10 = \OMS/cmsy/m/n/10 ^^@\OT1/cmr/m
/n/10 2\OML/cmm/m/it/10 ;  C[] \OT1/cmr/m/n/10 = \OMS/cmsy/m/n/10 ^^@\OML/cmm/m
/it/10 C[] \OT1/cmr/m/n/10 = +1\OML/cmm/m/it/10 :

\hbox(8.99002+2.47217)x244.22952
.\penalty 10000
.\hbox(0.0+0.0)x0.0
.\hbox(0.0+0.0)x0.0
..\mathon
..\hbox(0.0+0.0)x0.0, shifted -11.5
...\pdfdest name{equation.5.1} xyz
...\penalty 10000
..\mathoff
.\hbox(0.0+0.0)x0.0
.\OML/cmm/m/it/10 C
.\vbox(11.46219+0.0)x8.35431, shifted 2.47217
..\hbox(4.8611+0.0)x4.01666, shifted 0.71527
...\OML/cmm/m/it/7 b
..\kern1.73999
..\hbox(4.8611+0.0)x8.35431
...\OML/cmm/m/it/7 a
...\OML/cmm/m/it/7 b
.\glue(\thickmuskip) 2.77771 plus 2.77771
.\OT1/cmr/m/n/10 =
.\glue(\thickmuskip) 2.77771 plus 2.77771
.\OMS/cmsy/m/n/10 ^^@
.\OML/cmm/m/it/10 C
.\vbox(11.46219+0.0)x8.35431, shifted 2.47217
..\hbox(4.8611+0.0)x4.01666, shifted 0.71527
...\OML/cmm/m/it/7 b
..\kern1.73999
..\hbox(4.8611+0.0)x8.35431
...\OML/cmm/m/it/7 b
...\OML/cmm/m/it/7 a
.\glue(\thickmuskip) 2.77771 plus 2.77771
.\OT1/cmr/m/n/10 =
.\glue(\thickmuskip) 2.77771 plus 2.77771
.\OT1/cmr/m/n/10 +
.\OT1/cmr/m/n/10 2
.\OML/cmm/m/it/10 ;
.\glue 10.0
.\glue(\thinmuskip) 1.66663
.\OML/cmm/m/it/10 C
.\vbox(9.61497+0.0)x8.41139, shifted 2.47217
..\hbox(3.01389+0.0)x4.07375, shifted 0.71527
...\OML/cmm/m/it/7 c
..\kern3.5872
..\hbox(3.01389+0.0)x8.41139
...\OML/cmm/m/it/7 a
...\OML/cmm/m/it/7 c
.\glue(\thickmuskip) 2.77771 plus 2.77771
.\OT1/cmr/m/n/10 =
.\glue(\thickmuskip) 2.77771 plus 2.77771
.\OMS/cmsy/m/n/10 ^^@
.\OML/cmm/m/it/10 C
.\vbox(9.61497+0.0)x8.41139, shifted 2.47217
..\hbox(3.01389+0.0)x4.07375, shifted 0.71527
...\OML/cmm/m/it/7 c
..\kern3.5872
..\hbox(3.01389+0.0)x8.41139
...\OML/cmm/m/it/7 c
...\OML/cmm/m/it/7 a
.\glue(\thickmuskip) 2.77771 plus 2.77771
.\OT1/cmr/m/n/10 =
.\glue(\thickmuskip) 2.77771 plus 2.77771
.\OMS/cmsy/m/n/10 ^^@
.\OT1/cmr/m/n/10 2
.\OML/cmm/m/it/10 ;
.\glue 10.0
.\glue(\thinmuskip) 1.66663
.\OML/cmm/m/it/10 C
.\vbox(9.61497+0.0)x7.59041, shifted 2.47217
..\hbox(3.01389+0.0)x4.83765, shifted 0.71527
...\OML/cmm/m/it/7 a
..\kern1.73999
..\hbox(4.8611+0.0)x7.59041
...\OML/cmm/m/it/7 b
...\OML/cmm/m/it/7 c
.\glue(\thickmuskip) 2.77771 plus 2.77771
.\OT1/cmr/m/n/10 =
.\glue(\thickmuskip) 2.77771 plus 2.77771
.\OMS/cmsy/m/n/10 ^^@
.\OML/cmm/m/it/10 C
.\vbox(9.61497+0.0)x7.59041, shifted 2.47217
..\hbox(3.01389+0.0)x4.83765, shifted 0.71527
...\OML/cmm/m/it/7 a
..\kern1.73999
..\hbox(4.8611+0.0)x7.59041
...\OML/cmm/m/it/7 c
...\OML/cmm/m/it/7 b
.\glue(\thickmuskip) 2.77771 plus 2.77771
.\OT1/cmr/m/n/10 =
.\glue(\thickmuskip) 2.77771 plus 2.77771
.\OT1/cmr/m/n/10 +
.\OT1/cmr/m/n/10 1
.\OML/cmm/m/it/10 :


LaTeX Warning: Reference `lst:eq' on page 3 undefined on input line 158.


LaTeX Warning: Reference `eq:structure-constants-of-Lie-algebra-1' on page 3 un
defined on input line 158.


LaTeX Warning: Reference `lst:eq:wide' on page 3 undefined on input line 158.


LaTeX Warning: Reference `eq:structure-constants-of-Lie-algebra-1:widetext' on 
page 3 undefined on input line 161.

[3
./nst_template.tex:166: Emergency stop.
<inserted text> }\endwrite 
                           
l.166 C_
        {bc}^a = -C_{cb}^a = +1 .
Unbalanced write command

 
Here is how much of TeX's memory you used:
 22682 strings out of 474116
 398805 string characters out of 5743682
 2043187 words of memory out of 5000000
 44696 multiletter control sequences out of 15000+600000
 603018 words of font info for 100 fonts, out of 8000000 for 9000
 1141 hyphenation exceptions out of 8191
 88i,11n,94p,1673b,2396s stack positions out of 10000i,1000n,20000p,200000b,200000s
./nst_template.tex:166:  ==> Fatal error occurred, no output PDF file produced!

