This is METAFONT, Version 2.7182818 (TeX Live 2019) (preloaded base=mf 2024.2.13)  27 MAR 2024 16:54
**\mode:=ljfour; mag:=1; ; nonstopmode; input labx5159
(/Users/Bell/Library/texlive/2019/texmf-var/fonts/source/lh/lh-t2a/labx5159.mf
(/usr/local/texlive/2019/texmf-dist/fonts/source/lh/base/fikparm.mf
(/usr/local/texlive/2019/texmf-dist/fonts/source/public/cm/cmbase.mf)
(/usr/local/texlive/2019/texmf-dist/fonts/source/lh/base/lcyrbeg.mf)
(/usr/local/texlive/2019/texmf-dist/fonts/source/lh/base/lkligtbl.mf)
! Enormous number has been reduced.
<scantokens> 5159
                 
<to be read again> 
                   /
use_driver->...base);else:gensize:=scantokens(ss)/
                                                  100;ss:="input ec"&(substr...
l.304 use_driver(fonteq)
                        ;
I can't handle numbers bigger than about 4095.99998;
so I've changed your constant to that maximum amount.

>> 40.96
>> "input ecbx"
(/usr/local/texlive/2019/texmf-dist/fonts/source/jknappen/ec/ecbx.mf)
(/usr/local/texlive/2019/texmf-dist/fonts/source/lh/lh-t2a/lacodes.mf)
(/usr/local/texlive/2019/texmf-dist/fonts/source/lh/base/lcyrdefs.mf)
(/usr/local/texlive/2019/texmf-dist/fonts/source/lh/base/leroman.mf
(/usr/local/texlive/2019/texmf-dist/fonts/source/lh/base/lxpseudo.mf)
(/usr/local/texlive/2019/texmf-dist/fonts/source/jknappen/ec/exrulett.mf
[65] [66] [67] [68] [69] [70] [71] [72] [73] [74] [75] [76] [77] [78] [79]
[80] [81] [82] [83] [84] [85] [86] [87] [88] [89] [90])
(/usr/local/texlive/2019/texmf-dist/fonts/source/jknappen/ec/exrllett.mf
[97] [98] [99] [100] [101] [102] [103] [104] [105] [106] [107] [108] [109]
[110] [111] [112] [113] [114] [115] [116] [117] [118] [119] [120] [121]
[122]) (/usr/local/texlive/2019/texmf-dist/fonts/source/lh/base/lgcyru.mf
(/usr/local/texlive/2019/texmf-dist/fonts/source/lh/base/lgrusu.mf [192]
[193] [194] [195] [196] [197] [198] [199] [200] [201] [202] [203] [204]
[205] [206] [207] [208] [209] [210] [211] [212] [213] [214] [215] [216]
[217] [218] [219] [220] [221] [222] [223] [156])
(/usr/local/texlive/2019/texmf-dist/fonts/source/lh/base/lgt2comu.mf [131]
[130] [136] [135] [155] [143] [150] [128] [142] [144] [146] [153])
(/usr/local/texlive/2019/texmf-dist/fonts/source/lh/base/lgt2upu.mf [129]
[132] [133] [134] [137] [138] [141] [145] [147] [148] [149] [152] [154])
(/usr/local/texlive/2019/texmf-dist/fonts/source/lh/base/lgt2lou.mf [140]
[139] [151]))
(/usr/local/texlive/2019/texmf-dist/fonts/source/lh/base/lgcyrl.mf
(/usr/local/texlive/2019/texmf-dist/fonts/source/lh/base/lgrusl.mf [224]
[225] [226] [227] [228] [229] [230] [231] [232] [233] [234] [235] [236]
[237] [238] [239] [240] [241] [242] [243] [244] [245] [246] [247] [248]
[249] [250] [251] [252] [253] [254] [255] [188])
(/usr/local/texlive/2019/texmf-dist/fonts/source/lh/base/lgt2coml.mf [163]
[162] [167] [187] [175] [182] [160] [168] [174] [176] [178] [185])
(/usr/local/texlive/2019/texmf-dist/fonts/source/lh/base/lgt2upl.mf [161]
[164] [165] [166] [169] [170] [173] [177] [179] [180] [181] [184] [186])
(/usr/local/texlive/2019/texmf-dist/fonts/source/lh/base/lgt2lol.mf [172]
[171] [183]))
(/usr/local/texlive/2019/texmf-dist/fonts/source/lh/base/lgcyrsym.mf [13]
[14] [15] [22] [24] [23] [34] [157] [158] [159] [189] [190] [191])
(/usr/local/texlive/2019/texmf-dist/fonts/source/lh/base/lgengsym.mf [16]
[17] [21] [32] [33] [35] [36] [37] [39] [40] [41] [42] [43] [44] [45] [46]
[47] [58] [59] [60] [62] [61] [64] [91] [92] [93] [94] [95] [96] [123] [124]
[125] [126] [127])
(/usr/local/texlive/2019/texmf-dist/fonts/source/lh/base/lgromp.mf [38]
[63]) (/usr/local/texlive/2019/texmf-dist/fonts/source/lh/base/lgrdigit.mf
[48] [49] [50] [51] [52] [53] [54] [55] [56] [57])
(/usr/local/texlive/2019/texmf-dist/fonts/source/lh/base/lgrlig.mf [25]
[26] [28] [27] [29] [30] [31])
(/usr/local/texlive/2019/texmf-dist/fonts/source/lh/base/lgcyracc.mf [0]
[1] [2] [3] [4] [5] [6] [7] [8] [9] [10] [11] [12] [19] [20] [18])
(/usr/local/texlive/2019/texmf-dist/fonts/source/lh/base/llvligtb.mf)
(/usr/local/texlive/2019/texmf-dist/fonts/source/lh/base/llrligtb.mf)
(/usr/local/texlive/2019/texmf-dist/fonts/source/lh/lh-t2a/laliker.mf) ) ) ) 
Here is how much of METAFONT's memory you used:
 1120 strings out of 5271
 12145 string characters out of 69852
 48580 words of memory out of 5000000
 1876 symbolic tokens out of 9500
 16i,80n,8r,33p,337b stack positions out of 300i,300n,1000r,150p,200000b

(some charht values had to be adjusted by as much as 0.17062pt) 
(You used 71w,16h,12d,8i,421l,9k,0e,16p metric file positions
  out of 256w,16h,16d,64i,15000l,2500k,256e,60p)

Font metrics written on labx5159.tfm.
Output written on labx5159.600gf (256 characters, 222152 bytes).
